{"time":"2020-12-09T01:44:19.356Z","cid":"api","channel":"cribl","level":"info","message":"will use HTTP proxy settings from environment variables"}
{"time":"2020-12-09T01:44:19.360Z","cid":"api","channel":"clustercomm","level":"info","message":"adding worker"}
{"time":"2020-12-09T01:44:19.446Z","cid":"api","channel":"functions","level":"info","message":"starting function lister","dir":"/opt/cribl/groups/logs"}
{"time":"2020-12-09T01:44:19.447Z","cid":"api","channel":"collectors","level":"info","message":"starting function lister","dir":"/opt/cribl/groups/logs"}
{"time":"2020-12-09T01:44:19.447Z","cid":"api","channel":"Executors","level":"info","message":"starting function lister","dir":"/opt/cribl/groups/logs"}
{"time":"2020-12-09T01:44:19.528Z","cid":"api","channel":"collectors","level":"info","message":"updated functions list","enabled":7,"all":7}
{"time":"2020-12-09T01:44:19.528Z","cid":"api","channel":"Executors","level":"info","message":"updated functions list","enabled":1,"all":1}
{"time":"2020-12-09T01:44:19.630Z","cid":"api","channel":"functions","level":"info","message":"updated functions list","enabled":35,"all":35}
{"time":"2020-12-09T01:44:20.373Z","cid":"api","channel":"output","level":"info","message":"initializing outputter","type":"devnull","id":"devnull"}
{"time":"2020-12-09T01:44:20.374Z","cid":"api","channel":"output","level":"info","message":"initializing outputter","dnsResolvePeriodSec":60,"excludeSelf":true,"loadBalanceStatsPeriodSec":300,"indexerDiscovery":false,"throttleRatePerSec":"0","tls":{"disabled":true},"connectionTimeout":10000,"writeTimeout":60000,"onBackpressure":"block","hosts":[{"port":9997,"tls":"inherit","weight":1,"host":"splunk.default.svc.cluster.local"}],"type":"splunk_lb","id":"splunk"}
{"time":"2020-12-09T01:44:20.375Z","cid":"api","channel":"output","level":"info","message":"initializing outputter","type":"router","rules":[{"filter":"true","output":"splunk-metrics","final":false},{"filter":"false","output":"localhost","final":false},{"filter":"true","output":"influxdb2","final":false}],"onBackpressure":"block","id":"statsd"}
{"time":"2020-12-09T01:44:20.377Z","cid":"api","channel":"output","level":"info","message":"initializing outputter","dnsResolvePeriodSec":60,"excludeSelf":true,"loadBalanceStatsPeriodSec":300,"indexerDiscovery":false,"throttleRatePerSec":"0","tls":{"disabled":true},"connectionTimeout":5000,"writeTimeout":10000,"onBackpressure":"queue","pipeline":"metrics_to_logs","hosts":[{"port":9998,"tls":"inherit","weight":1,"host":"splunk.default.svc.cluster.local"}],"type":"splunk_lb","id":"splunk-metrics"}
{"time":"2020-12-09T01:44:20.378Z","cid":"api","channel":"output","level":"info","message":"initializing outputter","type":"statsd_ext","protocol":"udp","host":"localhost","port":9125,"mtu":512,"flushPeriodSec":1,"connectionTimeout":5000,"writeTimeout":10000,"id":"localhost"}
{"time":"2020-12-09T01:44:20.387Z","cid":"api","channel":"output","level":"info","message":"initializing outputter","timestampPrecision":"ms","dynamicValueFieldName":true,"valueFieldName":"value","concurrency":5,"maxPayloadSizeKB":4096,"flushPeriodSec":1,"auth":{"disabled":true},"onBackpressure":"block","type":"influxdb","url":"http://influxdb2:8086/write?rp=forever","database":"cribl","extraHttpHeaders":[{"name":"Authorization","value":"Token sKvQsRYB9OTwG53QszRyoEYd6t99Xp_HlG29GxDs1sfxep7XHkMPWrqKroMs8mSoGPokIvUlJuptcESe_X8uig=="},{"name":"User-Agent","value":"Cribl-42.0-5eea030d"}],"id":"influxdb2"}
{"time":"2020-12-09T01:44:20.388Z","cid":"api","channel":"output","level":"info","message":"initializing outputter","type":"s3","bucket":"archival","destPath":"","stagePath":"/tmp/cribl","awsApiKey":"ACCESSKEY","awsSecretKey":"SE...EY","region":"us-east-1","endpoint":"http://minio:9010","signatureVersion":"v4","partitionExpr":"`${__inputId.replace(/:/g, '_')}/${C.Time.strftime(_time ? _time : Date.now(), '%Y-%m-%d_%H')}/${host}/${sourcetype}`","format":"json","baseFileName":"CriblOut","compress":"none","maxFileSizeMB":32,"maxFileOpenTimeSec":60,"maxFileIdleTimeSec":30,"maxOpenFiles":100,"onBackpressure":"block","id":"s3"}
{"time":"2020-12-09T01:44:20.389Z","cid":"api","channel":"output","level":"info","message":"initializing outputter","dnsResolvePeriodSec":60,"excludeSelf":true,"loadBalanceStatsPeriodSec":300,"indexerDiscovery":false,"throttleRatePerSec":"0","tls":{"disabled":true},"connectionTimeout":10000,"writeTimeout":60000,"onBackpressure":"block","hosts":[{"port":9997,"tls":"inherit","weight":1,"host":"splunk.default.svc.cluster.local"}],"type":"splunk_lb","id":"splunk-pan"}
{"time":"2020-12-09T01:44:20.389Z","cid":"api","channel":"output","level":"info","message":"initializing outputter","type":"s3","bucket":"archival","destPath":"","stagePath":"/tmp/cribl","awsApiKey":"ACCESSKEY","awsSecretKey":"SE...EY","region":"us-east-1","endpoint":"http://minio:9010","signatureVersion":"v4","partitionExpr":"`${__inputId.replace(/:/g, '_')}/${C.Time.strftime(_time ? _time : Date.now(), '%Y-%m-%d_%H')}/${host}/${sourcetype}`","format":"json","baseFileName":"CriblOut","compress":"none","maxFileSizeMB":32,"maxFileOpenTimeSec":60,"maxFileIdleTimeSec":30,"maxOpenFiles":100,"onBackpressure":"block","id":"s3-pan"}
{"time":"2020-12-09T01:44:20.389Z","cid":"api","channel":"output","level":"info","message":"initializing outputter","rules":[{"final":false,"filter":"src_zone=='untrusted' || dest_zone=='untrusted'","output":"splunk-pan"},{"final":true,"filter":"true","output":"s3-pan"}],"type":"router","id":"pan-firewall-external"}
{"time":"2020-12-09T01:44:20.404Z","cid":"api","channel":"GrokMgr","level":"info","message":"loaded grok patterns","count":152}
{"time":"2020-12-09T01:44:20.439Z","cid":"api","channel":"server","level":"info","message":"loaded metricsFieldsBlacklist","metricsFieldsBlacklist":["host","source","sourcetype","index"]}
{"time":"2020-12-09T01:44:20.460Z","cid":"api","channel":"text","level":"info","message":"Loading relative entropy models","dir":"/opt/cribl/groups/logs/data/lookups"}
{"time":"2020-12-09T01:44:20.461Z","cid":"api","channel":"text","level":"info","message":"loading relative entropy model","modelName":"top_domains","file":"model_relative_entropy_top_domains.csv"}
{"time":"2020-12-09T01:44:20.464Z","cid":"api","channel":"text","level":"error","message":"loading models","error":{"message":"Cannot convert undefined or null to object","stack":"TypeError: Cannot convert undefined or null to object\n    at Function.keys (<anonymous>)\n    at Function._loadModelData (/opt/cribl/bin/cribl.js:14:9818512)\n    at /opt/cribl/bin/cribl.js:14:9818289\n    at async Promise.all (index 0)"}}
{"time":"2020-12-09T01:44:20.516Z","cid":"api","channel":"pipelineMgr","level":"info","message":"creating new pipeline","pipeId":"cisco_asa"}
{"time":"2020-12-09T01:44:20.517Z","cid":"api","channel":"pipe:cisco_asa","level":"info","message":"start loading and initializing functions","count":11}
{"time":"2020-12-09T01:44:20.517Z","cid":"api","channel":"pipelineMgr","level":"info","message":"creating new pipeline","pipeId":"cisco_estreamer"}
{"time":"2020-12-09T01:44:20.518Z","cid":"api","channel":"pipe:cisco_estreamer","level":"info","message":"start loading and initializing functions","count":3}
{"time":"2020-12-09T01:44:20.518Z","cid":"api","channel":"pipelineMgr","level":"info","message":"creating new pipeline","pipeId":"cribl_metrics_rollup"}
{"time":"2020-12-09T01:44:20.518Z","cid":"api","channel":"pipe:cribl_metrics_rollup","level":"info","message":"start loading and initializing functions","count":3}
{"time":"2020-12-09T01:44:20.519Z","cid":"api","channel":"pipelineMgr","level":"info","message":"creating new pipeline","pipeId":"devnull"}
{"time":"2020-12-09T01:44:20.519Z","cid":"api","channel":"pipe:devnull","level":"info","message":"start loading and initializing functions","count":1}
{"time":"2020-12-09T01:44:20.519Z","cid":"api","channel":"pipelineMgr","level":"info","message":"creating new pipeline","pipeId":"palo_alto_traffic"}
{"time":"2020-12-09T01:44:20.520Z","cid":"api","channel":"pipe:palo_alto_traffic","level":"info","message":"start loading and initializing functions","count":8}
{"time":"2020-12-09T01:44:20.520Z","cid":"api","channel":"pipelineMgr","level":"info","message":"creating new pipeline","pipeId":"wineventlogs"}
{"time":"2020-12-09T01:44:20.520Z","cid":"api","channel":"pipe:wineventlogs","level":"info","message":"start loading and initializing functions","count":10}
{"time":"2020-12-09T01:44:20.523Z","cid":"api","channel":"pipelineMgr","level":"info","message":"creating new pipeline","pipeId":"beats-conditioning"}
{"time":"2020-12-09T01:44:20.524Z","cid":"api","channel":"pipe:beats-conditioning","level":"info","message":"start loading and initializing functions","count":2}
{"time":"2020-12-09T01:44:20.538Z","cid":"api","channel":"pipelineMgr","level":"info","message":"creating new pipeline","pipeId":"enrich"}
{"time":"2020-12-09T01:44:20.539Z","cid":"api","channel":"pipe:enrich","level":"info","message":"start loading and initializing functions","count":16}
{"time":"2020-12-09T01:44:20.549Z","cid":"api","channel":"pipelineMgr","level":"info","message":"creating new pipeline","pipeId":"firewall_geoip_enrich"}
{"time":"2020-12-09T01:44:20.549Z","cid":"api","channel":"pipe:firewall_geoip_enrich","level":"info","message":"start loading and initializing functions","count":16}
{"time":"2020-12-09T01:44:20.551Z","cid":"api","channel":"pipelineMgr","level":"info","message":"creating new pipeline","pipeId":"jwt_to_json"}
{"time":"2020-12-09T01:44:20.551Z","cid":"api","channel":"pipe:jwt_to_json","level":"info","message":"start loading and initializing functions","count":3}
{"time":"2020-12-09T01:44:20.553Z","cid":"api","channel":"pipelineMgr","level":"info","message":"creating new pipeline","pipeId":"kv2json"}
{"time":"2020-12-09T01:44:20.553Z","cid":"api","channel":"pipe:kv2json","level":"info","message":"start loading and initializing functions","count":3}
{"time":"2020-12-09T01:44:20.559Z","cid":"api","channel":"pipelineMgr","level":"info","message":"creating new pipeline","pipeId":"logs_to_metrics"}
{"time":"2020-12-09T01:44:20.560Z","cid":"api","channel":"pipe:logs_to_metrics","level":"info","message":"start loading and initializing functions","count":8}
{"time":"2020-12-09T01:44:20.561Z","cid":"api","channel":"pipelineMgr","level":"info","message":"creating new pipeline","pipeId":"masking"}
{"time":"2020-12-09T01:44:20.562Z","cid":"api","channel":"pipe:masking","level":"info","message":"start loading and initializing functions","count":2}
{"time":"2020-12-09T01:44:20.564Z","cid":"api","channel":"pipelineMgr","level":"info","message":"creating new pipeline","pipeId":"sample_and_filter"}
{"time":"2020-12-09T01:44:20.564Z","cid":"api","channel":"pipe:sample_and_filter","level":"info","message":"start loading and initializing functions","count":5}
{"time":"2020-12-09T01:44:20.566Z","cid":"api","channel":"pipelineMgr","level":"info","message":"creating new pipeline","pipeId":"suppress"}
{"time":"2020-12-09T01:44:20.566Z","cid":"api","channel":"pipe:suppress","level":"info","message":"start loading and initializing functions","count":3}
{"time":"2020-12-09T01:44:20.568Z","cid":"api","channel":"pipelineMgr","level":"info","message":"creating new pipeline","pipeId":"syslog-conditioning"}
{"time":"2020-12-09T01:44:20.568Z","cid":"api","channel":"pipe:syslog-conditioning","level":"info","message":"start loading and initializing functions","count":2}
{"time":"2020-12-09T01:44:20.570Z","cid":"api","channel":"pipelineMgr","level":"info","message":"creating new pipeline","pipeId":"tcpjson-conditioning"}
{"time":"2020-12-09T01:44:20.571Z","cid":"api","channel":"pipe:tcpjson-conditioning","level":"info","message":"start loading and initializing functions","count":2}
{"time":"2020-12-09T01:44:20.572Z","cid":"api","channel":"pipelineMgr","level":"info","message":"creating new pipeline","pipeId":"trim_json"}
{"time":"2020-12-09T01:44:20.572Z","cid":"api","channel":"pipe:trim_json","level":"info","message":"start loading and initializing functions","count":2}
{"time":"2020-12-09T01:44:20.588Z","cid":"api","channel":"pipe:devnull","level":"info","message":"finished loading and initializing functions","count":1}
{"time":"2020-12-09T01:44:20.591Z","cid":"api","channel":"pipelineMgr","level":"info","message":"creating new pipeline","pipeId":"main"}
{"time":"2020-12-09T01:44:20.591Z","cid":"api","channel":"pipe:main","level":"info","message":"start loading and initializing functions","count":1}
{"time":"2020-12-09T01:44:20.593Z","cid":"api","channel":"pipelineMgr","level":"info","message":"creating new pipeline","pipeId":"passthru"}
{"time":"2020-12-09T01:44:20.593Z","cid":"api","channel":"pipe:passthru","level":"info","message":"start loading and initializing functions","count":1}
{"time":"2020-12-09T01:44:20.650Z","cid":"api","channel":"pipe:main","level":"info","message":"finished loading and initializing functions","count":1}
{"time":"2020-12-09T01:44:20.652Z","cid":"api","channel":"pipe:passthru","level":"info","message":"finished loading and initializing functions","count":1}
{"time":"2020-12-09T01:44:20.675Z","cid":"api","channel":"pipe:beats-conditioning","level":"info","message":"finished loading and initializing functions","count":2}
{"time":"2020-12-09T01:44:20.688Z","cid":"api","channel":"pipe:masking","level":"info","message":"finished loading and initializing functions","count":2}
{"time":"2020-12-09T01:44:20.693Z","cid":"api","channel":"pipe:syslog-conditioning","level":"info","message":"finished loading and initializing functions","count":2}
{"time":"2020-12-09T01:44:20.697Z","cid":"api","channel":"pipe:tcpjson-conditioning","level":"info","message":"finished loading and initializing functions","count":2}
{"time":"2020-12-09T01:44:20.699Z","cid":"api","channel":"pipe:trim_json","level":"info","message":"finished loading and initializing functions","count":2}
{"time":"2020-12-09T01:44:20.711Z","cid":"api","channel":"pipe:cisco_estreamer","level":"info","message":"finished loading and initializing functions","count":3}
{"time":"2020-12-09T01:44:20.713Z","cid":"api","channel":"pipe:cribl_metrics_rollup","level":"info","message":"finished loading and initializing functions","count":3}
{"time":"2020-12-09T01:44:20.719Z","cid":"api","channel":"pipe:jwt_to_json","level":"info","message":"finished loading and initializing functions","count":3}
{"time":"2020-12-09T01:44:20.725Z","cid":"api","channel":"pipe:kv2json","level":"info","message":"finished loading and initializing functions","count":3}
{"time":"2020-12-09T01:44:20.728Z","cid":"api","channel":"func:sampling","level":"info","message":"initialized","rules":[{"filter":"__status == 200","rate":5}]}
{"time":"2020-12-09T01:44:20.730Z","cid":"api","channel":"func:suppress","level":"info","message":"initialized suppress function","keyExpr":"`${__host}-${__state}`","numToAllow":1,"dropEventsMode":true,"supressionMs":60000,"cacheExpirationMs":120000,"maxCacheSize":50000,"cacheCleanupNumEvents":10000}
{"time":"2020-12-09T01:44:20.731Z","cid":"api","channel":"pipe:suppress","level":"info","message":"finished loading and initializing functions","count":3}
{"time":"2020-12-09T01:44:20.750Z","cid":"api","channel":"pipe:sample_and_filter","level":"info","message":"finished loading and initializing functions","count":5}
{"time":"2020-12-09T01:44:20.751Z","cid":"api","channel":"func:lookup","level":"info","message":"Creating Lookup: ","matchMode":"exact","matchType":"first","file":"http_status.csv"}
{"time":"2020-12-09T01:44:20.758Z","cid":"api","channel":"func:sampling","level":"info","message":"initialized","rules":[{"filter":"__bytes_in==0","rate":5},{"filter":"__src_zone=='trusted' && __dest_zone=='trusted' && __action=='allow'","rate":10}]}
{"time":"2020-12-09T01:44:20.760Z","cid":"api","channel":"lookups","level":"info","message":"loading geoip db","path":"/opt/cribl/groups/logs/data/lookups/GeoLite2-City.mmdb"}
{"time":"2020-12-09T01:44:20.783Z","cid":"api","channel":"func:aggregation","level":"info","message":"initialized aggregation","aggOpts":{"cumulative":false,"sufficientStatsOnly":false,"hostname":"cribl-78f9694547-4l7kz","flushEventLimit":0,"timeWindowSeconds":10,"aggregations":["count()","avg(bytes)","min(bytes)","max(bytes)","sum(bytes)","perc(95, bytes)","stdev(bytes)","avg(timetaken)","min(timetaken)","max(timetaken)","sum(timetaken)","perc(95, timetaken)","stdev(timetaken)"],"splitBys":["request_uri_path","status","request_method","index","host","source","sourcetype","action","category_id"],"flushMemLimit":33016758272,"metricsMode":true},"fields2add":[]}
{"time":"2020-12-09T01:44:20.802Z","cid":"api","channel":"pipe:palo_alto_traffic","level":"info","message":"finished loading and initializing functions","count":8}
{"time":"2020-12-09T01:44:20.815Z","cid":"api","channel":"func:prometheus_publish","level":"info","message":"init complete","name":"prometheus","pipeId":"logs_to_metrics","update":true,"format":"prometheus","fields":["*"],"batchWriteInterval":5000}
{"time":"2020-12-09T01:44:20.826Z","cid":"api","channel":"pipe:logs_to_metrics","level":"info","message":"finished loading and initializing functions","count":8}
{"time":"2020-12-09T01:44:20.842Z","cid":"api","channel":"pipe:wineventlogs","level":"info","message":"finished loading and initializing functions","count":10}
{"time":"2020-12-09T01:44:20.844Z","cid":"api","channel":"func:sampling","level":"info","message":"initialized","rules":[{"filter":"__action=='permitted'","rate":10}]}
{"time":"2020-12-09T01:44:20.845Z","cid":"api","channel":"pipe:cisco_asa","level":"info","message":"finished loading and initializing functions","count":11}
{"time":"2020-12-09T01:44:20.848Z","cid":"api","channel":"redisLookup","level":"info","message":"connecting to redis redis:6379"}
{"time":"2020-12-09T01:44:20.865Z","cid":"api","channel":"cribl","level":"error","message":"uncaughtException","error":{"message":"Redis connection to redis:6379 failed - getaddrinfo ENOTFOUND redis","stack":"Error: getaddrinfo ENOTFOUND redis\n    at GetAddrInfoReqWrap.onlookup [as oncomplete] (dns.js:67:26)"}}
{"time":"2020-12-09T01:44:20.869Z","cid":"api","channel":"pipe:enrich","level":"info","message":"finished loading and initializing functions","count":15}
{"time":"2020-12-09T01:44:20.930Z","cid":"api","channel":"lookups","level":"info","message":"done loading geoip db","path":"/opt/cribl/groups/logs/data/lookups/GeoLite2-City.mmdb","elapsed":170}
{"time":"2020-12-09T01:44:20.943Z","cid":"api","channel":"func:lookup","level":"info","message":"Creating Lookup: ","matchMode":"cidr","matchType":"specific","file":"internal_cidr_lookup.csv"}
{"time":"2020-12-09T01:44:20.945Z","cid":"api","channel":"func:lookup","level":"info","message":"Creating Lookup: ","matchMode":"cidr","matchType":"specific","file":"internal_cidr_lookup.csv"}
{"time":"2020-12-09T01:44:20.950Z","cid":"api","channel":"pipe:firewall_geoip_enrich","level":"info","message":"finished loading and initializing functions","count":15}
{"time":"2020-12-09T01:44:20.974Z","cid":"api","channel":"pipelineMgr","level":"info","message":"creating new pipeline","pipeId":"passthru","outputId":"r:semK5P"}
{"time":"2020-12-09T01:44:20.974Z","cid":"api","channel":"pipe:passthru","level":"info","message":"start loading and initializing functions","count":1}
{"time":"2020-12-09T01:44:20.990Z","cid":"api","channel":"pipe:passthru","level":"info","message":"finished loading and initializing functions","count":1}
{"time":"2020-12-09T01:44:20.995Z","cid":"api","channel":"pipelineMgr","level":"info","message":"creating new pipeline","pipeId":"passthru","outputId":"r:AvIq12"}
{"time":"2020-12-09T01:44:20.995Z","cid":"api","channel":"pipe:passthru","level":"info","message":"start loading and initializing functions","count":1}
{"time":"2020-12-09T01:44:21.002Z","cid":"api","channel":"pipe:passthru","level":"info","message":"finished loading and initializing functions","count":1}
{"time":"2020-12-09T01:44:21.641Z","cid":"api","channel":"input","level":"info","message":"initializing input","type":"http","disabled":false,"host":"0.0.0.0","port":10080,"criblAPI":"/cribl","splunkHecAPI":"","tls":{"disabled":true},"authToken":"","id":"http"}
{"time":"2020-12-09T01:44:21.642Z","cid":"api","channel":"input","level":"info","message":"initializing input","type":"cribl","disabled":true,"id":"CriblLogs"}
{"time":"2020-12-09T01:44:21.642Z","cid":"api","channel":"input","level":"info","message":"initializing input","disabled":false,"prefix":"cribl.logstream.","type":"criblmetrics","pipeline":"cribl_metrics_rollup","metadata":[{"name":"index","value":"cribl-metrics"}],"id":"CriblMetrics"}
{"time":"2020-12-09T01:44:21.643Z","cid":"api","channel":"input","level":"info","message":"initializing input","type":"tcpjson","disabled":false,"pipeline":"tcpjson-conditioning","host":"0.0.0.0","port":10001,"tls":{"disabled":true},"ipWhitelistRegex":"/.*/","authToken":"","id":"tcpjson"}
{"time":"2020-12-09T01:44:21.643Z","cid":"api","channel":"input","level":"info","message":"initializing input","type":"http","disabled":false,"host":"0.0.0.0","port":10088,"elasticAPI":"/elastic","criblAPI":"/cribl","splunkHecAPI":"/services/collector","tls":{"disabled":true},"id":"hec"}
{"time":"2020-12-09T01:44:21.644Z","cid":"api","channel":"input","level":"info","message":"initializing input","disabled":false,"host":"0.0.0.0","tls":{"disabled":false,"requestCert":false,"rejectUnauthorized":false,"commonNameRegex":"/.*cribl\\.io.*/","certPath":"$CRIBL_HOME/local/cribl/auth/certs/splunk_server.crt","privKeyPath":"$CRIBL_HOME/local/cribl/auth/certs/splunk_server.key","caPath":"$CRIBL_HOME/local/cribl/auth/certs/splunk_server.pem"},"ipWhitelistRegex":"/.*/","staleChannelFlushMs":10000,"type":"splunk","port":9999,"id":"splunk"}
{"time":"2020-12-09T01:44:21.644Z","cid":"api","channel":"input","level":"info","message":"initializing input","type":"http","disabled":false,"pipeline":"beats-conditioning","host":"0.0.0.0","port":9200,"elasticAPI":"/","tls":{"disabled":true},"authToken":"","splunkHecAPI":"","id":"elastic"}
{"time":"2020-12-09T01:44:21.644Z","cid":"api","channel":"input","level":"info","message":"initializing input","type":"syslog","disabled":false,"pipeline":"syslog-conditioning","host":"0.0.0.0","udpPort":5140,"tcpPort":5140,"maxBufferSize":1000,"ipWhitelistRegex":"/.*/","id":"syslog"}
{"time":"2020-12-09T01:44:21.648Z","cid":"api","channel":"server","level":"info","message":"disabling task execution service","configHelper":true,"jobsStore":false}
{"time":"2020-12-09T01:44:21.652Z","cid":"api","channel":"cribl","level":"error","message":"uncaughtException","error":{"message":"Redis connection to redis:6379 failed - getaddrinfo ENOTFOUND redis","stack":"Error: getaddrinfo ENOTFOUND redis\n    at GetAddrInfoReqWrap.onlookup [as oncomplete] (dns.js:67:26)"}}
{"time":"2020-12-09T01:44:21.670Z","cid":"api","channel":"rest","level":"info","message":"starting API server ...","groupId":"logs","exclusive":true,"path":"/opt/cribl/state/cribl-cfg-logs.sock"}
{"time":"2020-12-09T01:44:22.337Z","cid":"api","channel":"cribl","level":"error","message":"uncaughtException","error":{"message":"Redis connection to redis:6379 failed - getaddrinfo ENOTFOUND redis","stack":"Error: getaddrinfo ENOTFOUND redis\n    at GetAddrInfoReqWrap.onlookup [as oncomplete] (dns.js:67:26)"}}
{"time":"2020-12-09T01:44:22.338Z","cid":"api","channel":"cribl","level":"info","message":"API server started","VERSION":"42.0-e7701fc8","BRANCH":"master","TIMESTAMP":"2020-12-06T05:50:29.194Z","groupId":"logs"}
{"time":"2020-12-09T01:44:22.470Z","cid":"api","channel":"Policies","level":"info","message":"loading policy","policy":{"args":["groupName"],"template":["Basic ${groupName}","* /m/${groupName}","* /m/${groupName}/*","PATCH /master/groups/${groupName}/deploy"]}}
{"time":"2020-12-09T01:44:22.471Z","cid":"api","channel":"Policies","level":"info","message":"loading policy","policy":{"args":["groupName"],"template":["Basic ${groupName}","* /m/${groupName}","* /m/${groupName}/*"]}}
{"time":"2020-12-09T01:44:22.473Z","cid":"api","channel":"Policies","level":"info","message":"loading policy","policy":{"args":["groupName"],"template":["Basic ${groupName}","GET /m/${groupName}","GET /m/${groupName}/*"]}}
{"time":"2020-12-09T01:44:22.474Z","cid":"api","channel":"Policies","level":"info","message":"loading policy","policy":{"args":["groupName"],"template":["POST /m/${groupName}/preview","POST /m/${groupName}/system/capture","POST /m/${groupName}/lib/expression","GET /master/groups/${groupName}","GET /master/workers","GET /master/workers/*","GET /master/groups","GET /system/info","GET /system/info/*","GET /system/settings","GET /system/settings/*","GET /system/instance/distributed","GET /system/instance/distributed/*","GET /version","GET /version/*","GET /version/info","GET /version/info/*","GET /version/status","GET /version/status/*","GET /mappings","GET /mappings/*","GET /system/messages","GET /system/message/*","GET /ui/*","POST /system/metrics/query","GET /clui","POST /system/capture"]}}
{"time":"2020-12-09T01:44:22.478Z","cid":"api","channel":"Roles","level":"info","message":"resolving role policies","role":"admin","policies":["* *"]}
{"time":"2020-12-09T01:44:22.479Z","cid":"api","channel":"Roles","level":"info","message":"resolving role policies","role":"reader_all","policies":["GroupRead *"]}
{"time":"2020-12-09T01:44:22.480Z","cid":"api","channel":"Roles","level":"info","message":"resolving role policies","role":"editor_all","policies":["GroupEdit *"]}
{"time":"2020-12-09T01:44:22.481Z","cid":"api","channel":"Roles","level":"info","message":"resolving role policies","role":"owner_all","policies":["GroupFull *"]}
{"time":"2020-12-09T01:44:22.482Z","cid":"api","channel":"Roles","level":"info","message":"resolving role policies","role":"user","policies":["GET /system/info","GET /system/info/*","GET /system/users","GET /system/instance/distributed","GET /system/instance/distributed/*"]}
{"time":"2020-12-09T01:44:22.918Z","cid":"api","channel":"cribl","level":"error","message":"uncaughtException","error":{"message":"Redis connection to redis:6379 failed - getaddrinfo ENOTFOUND redis","stack":"Error: getaddrinfo ENOTFOUND redis\n    at GetAddrInfoReqWrap.onlookup [as oncomplete] (dns.js:67:26)"}}
{"time":"2020-12-09T01:44:23.902Z","cid":"api","channel":"cribl","level":"error","message":"uncaughtException","error":{"message":"Redis connection to redis:6379 failed - getaddrinfo ENOTFOUND redis","stack":"Error: getaddrinfo ENOTFOUND redis\n    at GetAddrInfoReqWrap.onlookup [as oncomplete] (dns.js:67:26)"}}
{"time":"2020-12-09T01:44:25.576Z","cid":"api","channel":"cribl","level":"error","message":"uncaughtException","error":{"message":"Redis connection to redis:6379 failed - getaddrinfo ENOTFOUND redis","stack":"Error: getaddrinfo ENOTFOUND redis\n    at GetAddrInfoReqWrap.onlookup [as oncomplete] (dns.js:67:26)"}}
{"time":"2020-12-09T01:44:28.419Z","cid":"api","channel":"cribl","level":"error","message":"uncaughtException","error":{"message":"Redis connection to redis:6379 failed - getaddrinfo ENOTFOUND redis","stack":"Error: getaddrinfo ENOTFOUND redis\n    at GetAddrInfoReqWrap.onlookup [as oncomplete] (dns.js:67:26)"}}
{"time":"2020-12-09T01:44:33.252Z","cid":"api","channel":"cribl","level":"error","message":"uncaughtException","error":{"message":"Redis connection to redis:6379 failed - getaddrinfo ENOTFOUND redis","stack":"Error: getaddrinfo ENOTFOUND redis\n    at GetAddrInfoReqWrap.onlookup [as oncomplete] (dns.js:67:26)"}}
{"time":"2020-12-09T01:44:41.466Z","cid":"api","channel":"cribl","level":"error","message":"uncaughtException","error":{"message":"Redis connection to redis:6379 failed - getaddrinfo ENOTFOUND redis","stack":"Error: getaddrinfo ENOTFOUND redis\n    at GetAddrInfoReqWrap.onlookup [as oncomplete] (dns.js:67:26)"}}
{"time":"2020-12-09T01:44:55.429Z","cid":"api","channel":"cribl","level":"error","message":"uncaughtException","error":{"message":"Redis connection to redis:6379 failed - getaddrinfo ENOTFOUND redis","stack":"Error: getaddrinfo ENOTFOUND redis\n    at GetAddrInfoReqWrap.onlookup [as oncomplete] (dns.js:67:26)"}}
{"time":"2020-12-09T01:45:19.175Z","cid":"api","channel":"cribl","level":"error","message":"uncaughtException","error":{"message":"Redis connection to redis:6379 failed - getaddrinfo ENOTFOUND redis","stack":"Error: getaddrinfo ENOTFOUND redis\n    at GetAddrInfoReqWrap.onlookup [as oncomplete] (dns.js:67:26)"}}
{"time":"2020-12-09T01:45:21.769Z","cid":"api","channel":"preview","level":"info","message":"setting cpu profile ttl","ttl":1800000}
{"time":"2020-12-09T01:45:59.519Z","cid":"api","channel":"redisLookup","level":"info","message":"connected to redis redis:6379"}
{"time":"2020-12-09T02:11:44.756Z","cid":"api","channel":"input","level":"info","message":"initializing input","disabled":false,"host":"0.0.0.0","tls":{"disabled":true},"ipWhitelistRegex":"/.*/","enableProxyHeader":false,"staleChannelFlushMs":10000,"authToken":"","type":"appscope","id":"appscope","port":10002}
