{"time":"2020-12-09T01:44:14.438Z","cid":"api","channel":"cribl","level":"info","message":"will use HTTP proxy settings from environment variables"}
{"time":"2020-12-09T01:44:14.444Z","cid":"api","channel":"clustercomm","level":"info","message":"adding worker"}
{"time":"2020-12-09T01:44:14.515Z","cid":"api","channel":"functions","level":"info","message":"starting function lister","dir":"/opt/cribl/groups/metrics"}
{"time":"2020-12-09T01:44:14.516Z","cid":"api","channel":"collectors","level":"info","message":"starting function lister","dir":"/opt/cribl/groups/metrics"}
{"time":"2020-12-09T01:44:14.517Z","cid":"api","channel":"Executors","level":"info","message":"starting function lister","dir":"/opt/cribl/groups/metrics"}
{"time":"2020-12-09T01:44:14.623Z","cid":"api","channel":"collectors","level":"info","message":"updated functions list","enabled":7,"all":7}
{"time":"2020-12-09T01:44:14.623Z","cid":"api","channel":"Executors","level":"info","message":"updated functions list","enabled":1,"all":1}
{"time":"2020-12-09T01:44:14.654Z","cid":"api","channel":"functions","level":"info","message":"updated functions list","enabled":34,"all":34}
{"time":"2020-12-09T01:44:15.573Z","cid":"api","channel":"output","level":"info","message":"initializing outputter","type":"devnull","id":"devnull"}
{"time":"2020-12-09T01:44:15.574Z","cid":"api","channel":"output","level":"info","message":"initializing outputter","type":"router","rules":[{"filter":"false","output":"splunk-metrics","final":false},{"filter":"false","output":"localhost","final":false},{"filter":"true","output":"influxdb2","final":false}],"onBackpressure":"block","id":"statsd"}
{"time":"2020-12-09T01:44:15.576Z","cid":"api","channel":"output","level":"info","message":"initializing outputter","dnsResolvePeriodSec":60,"excludeSelf":true,"loadBalanceStatsPeriodSec":300,"indexerDiscovery":false,"throttleRatePerSec":"0","tls":{"disabled":true},"connectionTimeout":5000,"writeTimeout":10000,"onBackpressure":"queue","pipeline":"metrics_to_logs","hosts":[{"port":9998,"tls":"inherit","weight":1,"host":"splunk.default.svc.cluster.local"}],"type":"splunk_lb","id":"splunk-metrics"}
{"time":"2020-12-09T01:44:15.577Z","cid":"api","channel":"output","level":"info","message":"initializing outputter","type":"statsd_ext","protocol":"udp","host":"localhost","port":9125,"mtu":512,"flushPeriodSec":1,"connectionTimeout":5000,"writeTimeout":10000,"id":"localhost"}
{"time":"2020-12-09T01:44:15.578Z","cid":"api","channel":"output","level":"info","message":"initializing outputter","timestampPrecision":"ms","dynamicValueFieldName":true,"valueFieldName":"value","concurrency":5,"maxPayloadSizeKB":4096,"flushPeriodSec":1,"auth":{"disabled":true},"onBackpressure":"block","type":"influxdb","url":"http://influxdb2:8086/write?rp=forever","database":"cribl","extraHttpHeaders":[{"name":"Authorization","value":"Token sKvQsRYB9OTwG53QszRyoEYd6t99Xp_HlG29GxDs1sfxep7XHkMPWrqKroMs8mSoGPokIvUlJuptcESe_X8uig=="},{"name":"User-Agent","value":"Cribl-42.0-5eea030d"}],"id":"influxdb2"}
{"time":"2020-12-09T01:44:15.682Z","cid":"api","channel":"GrokMgr","level":"info","message":"loaded grok patterns","count":152}
{"time":"2020-12-09T01:44:15.715Z","cid":"api","channel":"server","level":"info","message":"loaded metricsFieldsBlacklist","metricsFieldsBlacklist":["host","source","sourcetype","index"]}
{"time":"2020-12-09T01:44:15.739Z","cid":"api","channel":"text","level":"info","message":"Loading relative entropy models","dir":"/opt/cribl/groups/metrics/data/lookups"}
{"time":"2020-12-09T01:44:15.740Z","cid":"api","channel":"text","level":"info","message":"loading relative entropy model","modelName":"top_domains","file":"model_relative_entropy_top_domains.csv"}
{"time":"2020-12-09T01:44:15.744Z","cid":"api","channel":"text","level":"error","message":"loading models","error":{"message":"Cannot convert undefined or null to object","stack":"TypeError: Cannot convert undefined or null to object\n    at Function.keys (<anonymous>)\n    at Function._loadModelData (/opt/cribl/bin/cribl.js:14:9818512)\n    at /opt/cribl/bin/cribl.js:14:9818289\n    at async Promise.all (index 0)"}}
{"time":"2020-12-09T01:44:15.803Z","cid":"api","channel":"pipelineMgr","level":"info","message":"creating new pipeline","pipeId":"cisco_asa"}
{"time":"2020-12-09T01:44:15.804Z","cid":"api","channel":"pipe:cisco_asa","level":"info","message":"start loading and initializing functions","count":11}
{"time":"2020-12-09T01:44:15.804Z","cid":"api","channel":"pipelineMgr","level":"info","message":"creating new pipeline","pipeId":"cisco_estreamer"}
{"time":"2020-12-09T01:44:15.805Z","cid":"api","channel":"pipe:cisco_estreamer","level":"info","message":"start loading and initializing functions","count":3}
{"time":"2020-12-09T01:44:15.805Z","cid":"api","channel":"pipelineMgr","level":"info","message":"creating new pipeline","pipeId":"cribl_metrics_rollup"}
{"time":"2020-12-09T01:44:15.805Z","cid":"api","channel":"pipe:cribl_metrics_rollup","level":"info","message":"start loading and initializing functions","count":3}
{"time":"2020-12-09T01:44:15.806Z","cid":"api","channel":"pipelineMgr","level":"info","message":"creating new pipeline","pipeId":"devnull"}
{"time":"2020-12-09T01:44:15.806Z","cid":"api","channel":"pipe:devnull","level":"info","message":"start loading and initializing functions","count":1}
{"time":"2020-12-09T01:44:15.806Z","cid":"api","channel":"pipelineMgr","level":"info","message":"creating new pipeline","pipeId":"main"}
{"time":"2020-12-09T01:44:15.807Z","cid":"api","channel":"pipe:main","level":"info","message":"start loading and initializing functions","count":1}
{"time":"2020-12-09T01:44:15.807Z","cid":"api","channel":"pipelineMgr","level":"info","message":"creating new pipeline","pipeId":"palo_alto_traffic"}
{"time":"2020-12-09T01:44:15.807Z","cid":"api","channel":"pipe:palo_alto_traffic","level":"info","message":"start loading and initializing functions","count":8}
{"time":"2020-12-09T01:44:15.808Z","cid":"api","channel":"pipelineMgr","level":"info","message":"creating new pipeline","pipeId":"passthru"}
{"time":"2020-12-09T01:44:15.808Z","cid":"api","channel":"pipe:passthru","level":"info","message":"start loading and initializing functions","count":0}
{"time":"2020-12-09T01:44:15.808Z","cid":"api","channel":"pipe:passthru","level":"info","message":"finished loading and initializing functions","count":0}
{"time":"2020-12-09T01:44:15.809Z","cid":"api","channel":"pipelineMgr","level":"info","message":"creating new pipeline","pipeId":"wineventlogs"}
{"time":"2020-12-09T01:44:15.809Z","cid":"api","channel":"pipe:wineventlogs","level":"info","message":"start loading and initializing functions","count":10}
{"time":"2020-12-09T01:44:15.812Z","cid":"api","channel":"pipelineMgr","level":"info","message":"creating new pipeline","pipeId":"metrics_to_logs"}
{"time":"2020-12-09T01:44:15.812Z","cid":"api","channel":"pipe:metrics_to_logs","level":"info","message":"start loading and initializing functions","count":2}
{"time":"2020-12-09T01:44:15.831Z","cid":"api","channel":"pipelineMgr","level":"info","message":"creating new pipeline","pipeId":"mtr"}
{"time":"2020-12-09T01:44:15.831Z","cid":"api","channel":"pipe:mtr","level":"info","message":"start loading and initializing functions","count":7}
{"time":"2020-12-09T01:44:15.832Z","cid":"api","channel":"pipelineMgr","level":"info","message":"creating new pipeline","pipeId":"remove_splunk_metadata"}
{"time":"2020-12-09T01:44:15.832Z","cid":"api","channel":"pipe:remove_splunk_metadata","level":"info","message":"start loading and initializing functions","count":1}
{"time":"2020-12-09T01:44:15.982Z","cid":"api","channel":"pipelineMgr","level":"info","message":"creating new pipeline","pipeId":"shellagent-parse"}
{"time":"2020-12-09T01:44:15.983Z","cid":"api","channel":"pipe:shellagent-parse","level":"info","message":"start loading and initializing functions","count":37}
{"time":"2020-12-09T01:44:15.984Z","cid":"api","channel":"pipelineMgr","level":"info","message":"creating new pipeline","pipeId":"speedtest-parse"}
{"time":"2020-12-09T01:44:15.984Z","cid":"api","channel":"pipe:speedtest-parse","level":"info","message":"start loading and initializing functions","count":2}
{"time":"2020-12-09T01:44:15.987Z","cid":"api","channel":"pipelineMgr","level":"info","message":"creating new pipeline","pipeId":"statsd"}
{"time":"2020-12-09T01:44:15.987Z","cid":"api","channel":"pipe:statsd","level":"info","message":"start loading and initializing functions","count":7}
{"time":"2020-12-09T01:44:15.992Z","cid":"api","channel":"pipe:devnull","level":"info","message":"finished loading and initializing functions","count":1}
{"time":"2020-12-09T01:44:16.001Z","cid":"api","channel":"pipe:main","level":"info","message":"finished loading and initializing functions","count":1}
{"time":"2020-12-09T01:44:16.013Z","cid":"api","channel":"pipe:remove_splunk_metadata","level":"info","message":"finished loading and initializing functions","count":1}
{"time":"2020-12-09T01:44:16.040Z","cid":"api","channel":"pipe:metrics_to_logs","level":"info","message":"finished loading and initializing functions","count":2}
{"time":"2020-12-09T01:44:16.049Z","cid":"api","channel":"func:publish_metrics","level":"info","message":"Using config: ","overwrite":false,"_metricsConf":{"values":["bytes_received","bytes_sent","download","ping","upload"],"nameExpr":["'speedtest.bytes_received'","'speedtest.bytes_sent'","'speedtest.download'","'speedtest.ping'","'speedtest.upload'"],"types":["gauge","gauge","gauge","gauge","gauge"],"dims":["!_*","*"]}}
{"time":"2020-12-09T01:44:16.050Z","cid":"api","channel":"pipe:speedtest-parse","level":"info","message":"finished loading and initializing functions","count":2}
{"time":"2020-12-09T01:44:16.060Z","cid":"api","channel":"pipe:cisco_estreamer","level":"info","message":"finished loading and initializing functions","count":3}
{"time":"2020-12-09T01:44:16.062Z","cid":"api","channel":"pipe:cribl_metrics_rollup","level":"info","message":"finished loading and initializing functions","count":3}
{"time":"2020-12-09T01:44:16.105Z","cid":"api","channel":"func:prometheus_publish","level":"info","message":"init complete","name":"prometheus","pipeId":"statsd","update":true,"format":"prometheus","fields":["*"],"batchWriteInterval":5000}
{"time":"2020-12-09T01:44:16.106Z","cid":"api","channel":"pipe:statsd","level":"info","message":"finished loading and initializing functions","count":5}
{"time":"2020-12-09T01:44:16.118Z","cid":"api","channel":"func:sampling","level":"info","message":"initialized","rules":[{"filter":"__bytes_in==0","rate":5},{"filter":"__src_zone=='trusted' && __dest_zone=='trusted' && __action=='allow'","rate":10}]}
{"time":"2020-12-09T01:44:16.136Z","cid":"api","channel":"func:publish_metrics","level":"info","message":"Using config: ","overwrite":false,"_metricsConf":{"values":["Avg","Best","Last","LossPerc","Snt","StDev","Wrst"],"nameExpr":["'mtr.avg'","'mtr.best'","'mtr.last'","'mtr.loss_perc'","'mtr.sent'","'mtr.stdev'","'mtr.worst'"],"types":["gauge","gauge","gauge","gauge","gauge","gauge","gauge"],"dims":["!_*","*"]}}
{"time":"2020-12-09T01:44:16.137Z","cid":"api","channel":"pipe:mtr","level":"info","message":"finished loading and initializing functions","count":7}
{"time":"2020-12-09T01:44:16.143Z","cid":"api","channel":"pipe:palo_alto_traffic","level":"info","message":"finished loading and initializing functions","count":8}
{"time":"2020-12-09T01:44:16.165Z","cid":"api","channel":"pipe:wineventlogs","level":"info","message":"finished loading and initializing functions","count":10}
{"time":"2020-12-09T01:44:16.169Z","cid":"api","channel":"func:sampling","level":"info","message":"initialized","rules":[{"filter":"__action=='permitted'","rate":10}]}
{"time":"2020-12-09T01:44:16.170Z","cid":"api","channel":"pipe:cisco_asa","level":"info","message":"finished loading and initializing functions","count":11}
{"time":"2020-12-09T01:44:16.355Z","cid":"api","channel":"func:aggregation","level":"info","message":"initialized aggregation","aggOpts":{"cumulative":false,"sufficientStatsOnly":false,"hostname":"cribl-78f9694547-4l7kz","flushEventLimit":0,"timeWindowSeconds":10,"aggregations":["count(state).where(state=='R').as('processes.running')","count(state).where(state=='S').as('processes.sleeping')","count(state).where(state=='D').as('processes.blocked')","count(state).where(state=='Z').as('processes.zombies')","count(state).where(state=='X').as('processes.dead')","count(state).where(state.toUpperCase()=='T').as('processes.stopped')","count(state).where(state=='W').as('processes.paging')","count(state).where(state=='I').as('processes.idle')","count(state).where(state=='P').as('processes.parked')","count().as('processes.total')","sum(threads).as('processes.total_threads')"],"splitBys":["host","command","source","sourcetype","index","commver"],"flushMemLimit":33016758272,"metricsMode":true},"fields2add":[]}
{"time":"2020-12-09T01:44:16.399Z","cid":"api","channel":"func:aggregation","level":"info","message":"initialized aggregation","aggOpts":{"cumulative":false,"sufficientStatsOnly":false,"hostname":"cribl-78f9694547-4l7kz","flushEventLimit":0,"timeWindowSeconds":10,"aggregations":["count(state).where(state=='01').as('netstat.tcp_established')","count(state).where(state=='02').as('netstat.tcp_syn_sent')","count(state).where(state=='03').as('netstat.tcp_syn_recv')","count(state).where(state=='04').as('netstat.tcp_fin_wait1')","count(state).where(state=='05').as('netstat.tcp_fin_wait2')","count(state).where(state=='06').as('netstat.tcp_time_wait')","count(state).where(state=='07').as('netstat.tcp_close')","count(state).where(state=='08').as('netstat.tcp_close_wait')","count(state).where(state=='09').as('netstat.tcp_last_ack')","count(state).where(state=='0A').as('netstat.tcp_listen')","count(state).where(state=='0B').as('netstat.tcp_closing')"],"splitBys":["host","command","commver","index","source","sourcetype"],"flushMemLimit":33016758272,"metricsMode":true},"fields2add":[]}
{"time":"2020-12-09T01:44:16.415Z","cid":"api","channel":"func:aggregation","level":"info","message":"initialized aggregation","aggOpts":{"cumulative":false,"sufficientStatsOnly":false,"hostname":"cribl-78f9694547-4l7kz","flushEventLimit":0,"timeWindowSeconds":10,"aggregations":["count().as('udp_socket')"],"splitBys":["command","host","source","sourcetype","index","commver"],"flushMemLimit":33016758272,"metricsMode":true},"fields2add":[]}
{"time":"2020-12-09T01:44:16.420Z","cid":"api","channel":"func:publish_metrics","level":"info","message":"Using config: ","overwrite":false,"_metricsConf":{"values":["free","total","used","used_percent","inodes_free","inodes_total","inodes_used","inodes_used_percent","boot_time","context_switches","interrupts","processes","procs_blocked","procs_running","cpu_idle","cpu_irq","cpu_nice","cpu_softirq","cpu_steal","cpu_system","cpu_user","cpu_iowait","uptime","cpu_perc","cpu_guest","cpu_guest_nice","io_time","iops_in_progress","merged_reads","merged_writes","read_time","reads","sectors_read","sectors_written","weighted_io_time","write_time","writes","read_bytes","write_bytes","Active","MemAvailable","MemAvailablePercent","Buffers","Cached","CommitLimit","Committed_AS","Dirty","MemFree","Hugepagesize","HugePages_Free","HugePages_Total","Inactive","Mapped","PageTables","Shmem","Slab","SReclaimable","SUnreclaim","SwapFree","SwapTotal","MemTotal","MemUsed","MemUsedPercent","VmallocChunk","VmallocTotal","VmallocUsed","Writeback","WritebackTmp","SwapFree","SwapTotal","SwapUsed","SwapUsedPercent","swap_in","swap_out","load1","load5","load15"],"nameExpr":["'disk.free'","'disk.total'","'disk.used'","'disk.used_percent'","'disk.inodes_free'","'disk.inodes_total'","'disk.inodes_used'","'disk.inodes_used_percent'","'kernel.boot_time'","'kernel.context_switches'","'kernel.interrupts'","'kernel.processes_forked'","'kernel.processes_blocked'","'kernel.processes_running'","'cpu.usage_idle'","'cpu.usage_irq'","'cpu.usage_nice'","'cpu.usage_softirq'","'cpu.usage_steal'","'cpu.usage_system'","'cpu.usage_user'","'cpu.usage_iowait'","'system.uptime'","'cpu.usage_total'","'cpu.usage_guest'","'cpu.usage_guest_nice'","'diskio.io_time'","'diskio.iops_in_progress'","'diskio.merged_reads'","'diskio.merged_writes'","'diskio.read_time'","'diskio.reads'","'diskio.sectors_read'","'diskio.sectors_written'","'diskio.weighted_io_time'","'diskio.write_time'","'diskio.writes'","'diskio.read_bytes'","'diskio.write_bytes'","'mem.active'","'mem.available'","'mem.available_percent'","'mem.buffered'","'mem.cached'","'mem.commit_limit'","'mem.commited_as'","'mem.dirty'","'mem.free'","'mem.huge_page_size'","'mem.huge_pages_free'","'mem.huge_pages_total'","'mem.inactive'","'mem.mapped'","'mem.page_tables'","'mem.shared'","'mem.slab'","'mem.sreclaimable'","'mem.sunreclaim'","'mem.swap_free'","'mem.swap_total'","'mem.total'","'mem.used'","'mem.used_percent'","'mem.vmalloc_chunk'","'mem.vmalloc_total'","'mem.vmalloc_used'","'mem.write_back'","'mem.write_back_tmp'","'swap.free'","'swap.total'","'swap.used'","'swap.used_percent'","'swap.in'","'swap.out'","'system.load1'","'system.load5'","'system.load15'"],"types":["gauge","gauge","gauge","gauge","gauge","gauge","gauge","gauge","gauge","gauge","gauge","gauge","gauge","gauge","gauge","gauge","gauge","gauge","gauge","gauge","gauge","gauge","gauge","gauge","gauge","gauge","gauge","gauge","gauge","gauge","gauge","gauge","gauge","gauge","gauge","gauge","gauge","gauge","gauge","gauge","gauge","gauge","gauge","gauge","gauge","gauge","gauge","gauge","gauge","gauge","gauge","gauge","gauge","gauge","gauge","gauge","gauge","gauge","gauge","gauge","gauge","gauge","gauge","gauge","gauge","gauge","gauge","gauge","gauge","gauge","gauge","gauge","counter","counter","gauge","gauge","gauge"],"dims":["!_*","*"]}}
{"time":"2020-12-09T01:44:16.427Z","cid":"api","channel":"func:publish_metrics","level":"info","message":"Using config: ","overwrite":false,"_metricsConf":{"values":["ip_forwarding","ip_defaultttl","ip_inreceives","ip_inhdrerrors","ip_inaddrerrors","ip_forwdatagrams","ip_inunknownprotos","ip_indiscards","ip_indelivers","ip_outrequests","ip_outdiscards","ip_outnoroutes","ip_reasmtimeout","ip_reasmreqds","ip_reasmoks","ip_reasmfails","ip_fragoks","ip_fragfails","ip_fragcreates","icmp_inmsgs","icmp_inerrors","icmp_incsumerrors","icmp_indestunreachs","icmp_intimeexcds","icmp_inparmprobs","icmp_insrcquenchs","icmp_inredirects","icmp_inechos","icmp_inechoreps","icmp_intimestamps","icmp_intimestampreps","icmp_inaddrmasks","icmp_inaddrmaskreps","icmp_outmsgs","icmp_outerrors","icmp_outdestunreachs","icmp_outtimeexcds","icmp_outparmprobs","icmp_outsrcquenchs","icmp_outredirects","icmp_outechos","icmp_outechoreps","icmp_outtimestamps","icmp_outtimestampreps","icmp_outaddrmasks","icmp_outaddrmaskreps","tcp_rtoalgorithm","tcp_rtomin","tcp_rtomax","tcp_maxconn","tcp_activeopens","tcp_passiveopens","tcp_attemptfails","tcp_estabresets","tcp_currestab","tcp_insegs","tcp_outsegs","tcp_retranssegs","tcp_inerrs","tcp_outrsts","tcp_incsumerrors","udp_indatagrams","udp_noports","udp_inerrors","udp_outdatagrams","udp_rcvbuferrors","udp_sndbuferrors","udp_incsumerrors","udp_ignoredmulti","udplite_indatagrams","udplite_noports","udplite_inerrors","udplite_outdatagrams","udplite_rcvbuferrors","udplite_sndbuferrors","udplite_incsumerrors","udplite_ignoredmulti"],"nameExpr":["'net.ip_forwarding'","'net.ip_defaultttl'","'net.ip_inreceives'","'net.ip_inhdrerrors'","'net.ip_inaddrerrors'","'net.ip_forwdatagrams'","'net.ip_inunknownprotos'","'net.ip_indiscards'","'net.ip_indelivers'","'net.ip_outrequests'","'net.ip_outdiscards'","'net.ip_outnoroutes'","'net.ip_reasmtimeout'","'net.ip_reasmreqds'","'net.ip_reasmoks'","'net.ip_reasmfails'","'net.ip_fragoks'","'net.ip_fragfails'","'net.ip_fragcreates'","'net.icmp_inmsgs'","'net.icmp_inerrors'","'net.icmp_incsumerrors'","'net.icmp_indestunreachs'","'net.icmp_intimeexcds'","'net.icmp_inparmprobs'","'net.icmp_insrcquenchs'","'net.icmp_inredirects'","'net.icmp_inechos'","'net.icmp_inechoreps'","'net.icmp_intimestamps'","'net.icmp_intimestampreps'","'net.icmp_inaddrmasks'","'net.icmp_inaddrmaskreps'","'net.icmp_outmsgs'","'net.icmp_outerrors'","'net.icmp_outdestunreachs'","'net.icmp_outtimeexcds'","'net.icmp_outparmprobs'","'net.icmp_outsrcquenchs'","'net.icmp_outredirects'","'net.icmp_outechos'","'net.icmp_outechoreps'","'net.icmp_outtimestamps'","'net.icmp_outtimestampreps'","'net.icmp_outaddrmasks'","'net.icmp_outaddrmaskreps'","'net.tcp_rtoalgorithm'","'net.tcp_rtomin'","'net.tcp_rtomax'","'net.tcp_maxconn'","'net.tcp_activeopens'","'net.tcp_passiveopens'","'net.tcp_attemptfails'","'net.tcp_estabresets'","'net.tcp_currestab'","'net.tcp_insegs'","'net.tcp_outsegs'","'net.tcp_retranssegs'","'net.tcp_inerrs'","'net.tcp_outrsts'","'net.tcp_incsumerrors'","'net.udp_indatagrams'","'net.udp_noports'","'net.udp_inerrors'","'net.udp_outdatagrams'","'net.udp_rcvbuferrors'","'net.udp_sndbuferrors'","'net.udp_incsumerrors'","'net.udp_ignoredmulti'","'net.udplite_indatagrams'","'net.udplite_noports'","'net.udplite_inerrors'","'net.udplite_outdatagrams'","'net.udplite_rcvbuferrors'","'net.udplite_sndbuferrors'","'net.udplite_incsumerrors'","'net.udplite_ignoredmulti'"],"types":["gauge","gauge","counter","counter","counter","counter","counter","counter","counter","counter","counter","counter","counter","counter","counter","counter","counter","counter","counter","counter","counter","counter","counter","counter","counter","counter","counter","counter","counter","counter","counter","counter","counter","counter","counter","counter","counter","counter","counter","counter","counter","counter","counter","counter","counter","counter","gauge","gauge","gauge","gauge","gauge","gauge","counter","counter","counter","counter","counter","counter","counter","counter","counter","counter","counter","counter","counter","counter","counter","counter","counter","counter","counter","counter","counter","counter","counter","counter","counter"],"dims":["!_*","*"]}}
{"time":"2020-12-09T01:44:16.435Z","cid":"api","channel":"func:publish_metrics","level":"info","message":"Using config: ","overwrite":false,"_metricsConf":{"values":["bytes_recv","bytes_sent","drop_in","drop_out","err_in","err_out","packets_recv","packets_sent"],"nameExpr":["'net.bytes_recv'","'net.bytes_sent'","'net.drop_in'","'net.drop_out'","'net.err_in'","'net.err_out'","'net.packets_recv'","'net.packets_sent'"],"types":["counter","counter","counter","counter","counter","counter","counter","gauge"],"dims":["!_*","*"]}}
{"time":"2020-12-09T01:44:16.436Z","cid":"api","channel":"pipe:shellagent-parse","level":"info","message":"finished loading and initializing functions","count":33}
{"time":"2020-12-09T01:44:16.444Z","cid":"api","channel":"pipelineMgr","level":"info","message":"creating new pipeline","pipeId":"passthru","outputId":"r:AvIq12"}
{"time":"2020-12-09T01:44:16.444Z","cid":"api","channel":"pipe:passthru","level":"info","message":"start loading and initializing functions","count":0}
{"time":"2020-12-09T01:44:16.444Z","cid":"api","channel":"pipe:passthru","level":"info","message":"finished loading and initializing functions","count":0}
{"time":"2020-12-09T01:44:17.190Z","cid":"api","channel":"input","level":"info","message":"initializing input","type":"http","host":"0.0.0.0","port":10080,"elasticAPI":"/elastic","criblAPI":"/cribl","splunkHecAPI":"/services/collector","id":"http"}
{"time":"2020-12-09T01:44:17.191Z","cid":"api","channel":"input","level":"info","message":"initializing input","type":"cribl","disabled":true,"id":"CriblLogs"}
{"time":"2020-12-09T01:44:17.191Z","cid":"api","channel":"input","level":"info","message":"initializing input","disabled":false,"prefix":"cribl.logstream.","type":"criblmetrics","pipeline":"cribl_metrics_rollup","metadata":[{"name":"index","value":"cribl-metrics"}],"id":"CriblMetrics"}
{"time":"2020-12-09T01:44:17.192Z","cid":"api","channel":"input","level":"info","message":"initializing input","type":"metrics","disabled":false,"host":"0.0.0.0","udpPort":8125,"tcpPort":8125,"maxBufferSize":1000,"ipWhitelistRegex":"/.*/","id":"metrics"}
{"time":"2020-12-09T01:44:17.194Z","cid":"api","channel":"server","level":"info","message":"disabling task execution service","configHelper":true,"jobsStore":false}
{"time":"2020-12-09T01:44:17.241Z","cid":"api","channel":"rest","level":"info","message":"starting API server ...","groupId":"metrics","exclusive":true,"path":"/opt/cribl/state/cribl-cfg-metrics.sock"}
{"time":"2020-12-09T01:44:18.039Z","cid":"api","channel":"cribl","level":"info","message":"API server started","VERSION":"42.0-e7701fc8","BRANCH":"master","TIMESTAMP":"2020-12-06T05:50:29.194Z","groupId":"metrics"}
{"time":"2020-12-09T01:44:18.249Z","cid":"api","channel":"Policies","level":"info","message":"loading policy","policy":{"args":["groupName"],"template":["Basic ${groupName}","* /m/${groupName}","* /m/${groupName}/*","PATCH /master/groups/${groupName}/deploy"]}}
{"time":"2020-12-09T01:44:18.250Z","cid":"api","channel":"Policies","level":"info","message":"loading policy","policy":{"args":["groupName"],"template":["Basic ${groupName}","* /m/${groupName}","* /m/${groupName}/*"]}}
{"time":"2020-12-09T01:44:18.251Z","cid":"api","channel":"Policies","level":"info","message":"loading policy","policy":{"args":["groupName"],"template":["Basic ${groupName}","GET /m/${groupName}","GET /m/${groupName}/*"]}}
{"time":"2020-12-09T01:44:18.252Z","cid":"api","channel":"Policies","level":"info","message":"loading policy","policy":{"args":["groupName"],"template":["POST /m/${groupName}/preview","POST /m/${groupName}/system/capture","POST /m/${groupName}/lib/expression","GET /master/groups/${groupName}","GET /master/workers","GET /master/workers/*","GET /master/groups","GET /system/info","GET /system/info/*","GET /system/settings","GET /system/settings/*","GET /system/instance/distributed","GET /system/instance/distributed/*","GET /version","GET /version/*","GET /version/info","GET /version/info/*","GET /version/status","GET /version/status/*","GET /mappings","GET /mappings/*","GET /system/messages","GET /system/message/*","GET /ui/*","POST /system/metrics/query","GET /clui","POST /system/capture"]}}
{"time":"2020-12-09T01:44:18.256Z","cid":"api","channel":"Roles","level":"info","message":"resolving role policies","role":"admin","policies":["* *"]}
{"time":"2020-12-09T01:44:18.257Z","cid":"api","channel":"Roles","level":"info","message":"resolving role policies","role":"reader_all","policies":["GroupRead *"]}
{"time":"2020-12-09T01:44:18.259Z","cid":"api","channel":"Roles","level":"info","message":"resolving role policies","role":"editor_all","policies":["GroupEdit *"]}
{"time":"2020-12-09T01:44:18.260Z","cid":"api","channel":"Roles","level":"info","message":"resolving role policies","role":"owner_all","policies":["GroupFull *"]}
{"time":"2020-12-09T01:44:18.261Z","cid":"api","channel":"Roles","level":"info","message":"resolving role policies","role":"user","policies":["GET /system/info","GET /system/info/*","GET /system/users","GET /system/instance/distributed","GET /system/instance/distributed/*"]}
{"time":"2020-12-09T01:45:17.375Z","cid":"api","channel":"preview","level":"info","message":"setting cpu profile ttl","ttl":1800000}
